# JRE version: OpenJDK Runtime Environment 18.9 (11.0.11+9) (build 11.0.11+9)
# Java VM: OpenJDK 64-Bit Server VM 18.9 (11.0.11+9, mixed mode, tiered, compressed oops, g1 gc, windows-amd64)
Heap:
 garbage-first heap   total 262144K, used 175798K [0x0000000740000000, 0x0000000800000000)
  region size 1024K, 58 young (59392K), 3 survivors (3072K)
 Metaspace       used 95787K, capacity 97426K, committed 100432K, reserved 1136640K
  class space    used 12490K, capacity 13210K, committed 14208K, reserved 1048576K
GC Heap History (20 events):
Event: 4433.944 GC heap before
{Heap before GC invocations=254 (full 17):
 garbage-first heap   total 262144K, used 178931K [0x0000000740000000, 0x0000000800000000)
  region size 1024K, 60 young (61440K), 1 survivors (1024K)
 Metaspace       used 95261K, capacity 96759K, committed 100176K, reserved 1134592K
  class space    used 12407K, capacity 13050K, committed 14208K, reserved 1048576K
}
Event: 4433.946 GC heap after
{Heap after GC invocations=255 (full 17):
 garbage-first heap   total 262144K, used 118628K [0x0000000740000000, 0x0000000800000000)
  region size 1024K, 1 young (1024K), 1 survivors (1024K)
 Metaspace       used 95261K, capacity 96759K, committed 100176K, reserved 1134592K
  class space    used 12407K, capacity 13050K, committed 14208K, reserved 1048576K
}
Event: 4442.585 GC heap before
{Heap before GC invocations=255 (full 17):
 garbage-first heap   total 262144K, used 178020K [0x0000000740000000, 0x0000000800000000)
  region size 1024K, 60 young (61440K), 1 survivors (1024K)
 Metaspace       used 95305K, capacity 96824K, committed 100176K, reserved 1134592K
  class space    used 12408K, capacity 13050K, committed 14208K, reserved 1048576K
}
Event: 4442.588 GC heap after
{Heap after GC invocations=256 (full 17):
 garbage-first heap   total 262144K, used 119900K [0x0000000740000000, 0x0000000800000000)
  region size 1024K, 2 young (2048K), 2 survivors (2048K)
 Metaspace       used 95305K, capacity 96824K, committed 100176K, reserved 1134592K
  class space    used 12408K, capacity 13050K, committed 14208K, reserved 1048576K
}
Event: 4460.931 GC heap before
{Heap before GC invocations=257 (full 17):
 garbage-first heap   total 262144K, used 179292K [0x0000000740000000, 0x0000000800000000)
  region size 1024K, 61 young (62464K), 2 survivors (2048K)
 Metaspace       used 95315K, capacity 96803K, committed 100176K, reserved 1134592K
  class space    used 12404K, capacity 13043K, committed 14208K, reserved 1048576K
}
Event: 4460.934 GC heap after
{Heap after GC invocations=258 (full 17):
 garbage-first heap   total 262144K, used 120053K [0x0000000740000000, 0x0000000800000000)
  region size 1024K, 2 young (2048K), 2 survivors (2048K)
 Metaspace       used 95315K, capacity 96803K, committed 100176K, reserved 1134592K
  class space    used 12404K, capacity 13043K, committed 14208K, reserved 1048576K
}
Event: 4473.231 GC heap before
{Heap before GC invocations=258 (full 17):
 garbage-first heap   total 262144K, used 179445K [0x0000000740000000, 0x0000000800000000)
  region size 1024K, 60 young (61440K), 2 survivors (2048K)
 Metaspace       used 95346K, capacity 96803K, committed 100176K, reserved 1134592K
  class space    used 12404K, capacity 13043K, committed 14208K, reserved 1048576K
}
Event: 4473.233 GC heap after
{Heap after GC invocations=259 (full 17):
 garbage-first heap   total 262144K, used 120141K [0x0000000740000000, 0x0000000800000000)
  region size 1024K, 2 young (2048K), 2 survivors (2048K)
 Metaspace       used 95346K, capacity 96803K, committed 100176K, reserved 1134592K
  class space    used 12404K, capacity 13043K, committed 14208K, reserved 1048576K
}
Event: 4489.028 GC heap before
{Heap before GC invocations=260 (full 17):
 garbage-first heap   total 262144K, used 179533K [0x0000000740000000, 0x0000000800000000)
  region size 1024K, 60 young (61440K), 2 survivors (2048K)
 Metaspace       used 95680K, capacity 97297K, committed 100176K, reserved 1134592K
  class space    used 12490K, capacity 13210K, committed 14208K, reserved 1048576K
}
Event: 4489.031 GC heap after
{Heap after GC invocations=261 (full 17):
 garbage-first heap   total 262144K, used 120483K [0x0000000740000000, 0x0000000800000000)
  region size 1024K, 3 young (3072K), 3 survivors (3072K)
 Metaspace       used 95680K, capacity 97297K, committed 100176K, reserved 1134592K
  class space    used 12490K, capacity 13210K, committed 14208K, reserved 1048576K
}
Event: 4495.048 GC heap before
{Heap before GC invocations=261 (full 17):
 garbage-first heap   total 262144K, used 178851K [0x0000000740000000, 0x0000000800000000)
  region size 1024K, 61 young (62464K), 3 survivors (3072K)
 Metaspace       used 95695K, capacity 97297K, committed 100176K, reserved 1134592K
  class space    used 12490K, capacity 13210K, committed 14208K, reserved 1048576K
}
Event: 4495.051 GC heap after
{Heap after GC invocations=262 (full 17):
 garbage-first heap   total 262144K, used 120503K [0x0000000740000000, 0x0000000800000000)
  region size 1024K, 3 young (3072K), 3 survivors (3072K)
 Metaspace       used 95695K, capacity 97297K, committed 100176K, reserved 1134592K
  class space    used 12490K, capacity 13210K, committed 14208K, reserved 1048576K
}
Event: 4501.483 GC heap before
{Heap before GC invocations=263 (full 17):
 garbage-first heap   total 262144K, used 178871K [0x0000000740000000, 0x0000000800000000)
  region size 1024K, 60 young (61440K), 3 survivors (3072K)
 Metaspace       used 95710K, capacity 97298K, committed 100176K, reserved 1134592K
  class space    used 12490K, capacity 13210K, committed 14208K, reserved 1048576K
}
Event: 4501.485 GC heap after
{Heap after GC invocations=264 (full 17):
 garbage-first heap   total 262144K, used 120500K [0x0000000740000000, 0x0000000800000000)
  region size 1024K, 3 young (3072K), 3 survivors (3072K)
 Metaspace       used 95710K, capacity 97298K, committed 100176K, reserved 1134592K
  class space    used 12490K, capacity 13210K, committed 14208K, reserved 1048576K
}
Event: 4507.004 GC heap before
{Heap before GC invocations=264 (full 17):
 garbage-first heap   total 262144K, used 178868K [0x0000000740000000, 0x0000000800000000)
  region size 1024K, 60 young (61440K), 3 survivors (3072K)
 Metaspace       used 95717K, capacity 97362K, committed 100432K, reserved 1136640K
  class space    used 12490K, capacity 13210K, committed 14208K, reserved 1048576K
}
Event: 4507.007 GC heap after
{Heap after GC invocations=265 (full 17):
 garbage-first heap   total 262144K, used 120255K [0x0000000740000000, 0x0000000800000000)
  region size 1024K, 3 young (3072K), 3 survivors (3072K)
 Metaspace       used 95717K, capacity 97362K, committed 100432K, reserved 1136640K
  class space    used 12490K, capacity 13210K, committed 14208K, reserved 1048576K
}
Event: 4512.182 GC heap before
{Heap before GC invocations=266 (full 17):
 garbage-first heap   total 262144K, used 178623K [0x0000000740000000, 0x0000000800000000)
  region size 1024K, 60 young (61440K), 3 survivors (3072K)
 Metaspace       used 95717K, capacity 97362K, committed 100432K, reserved 1136640K
  class space    used 12490K, capacity 13210K, committed 14208K, reserved 1048576K
}
Event: 4512.184 GC heap after
{Heap after GC invocations=267 (full 17):
 garbage-first heap   total 262144K, used 120381K [0x0000000740000000, 0x0000000800000000)
  region size 1024K, 3 young (3072K), 3 survivors (3072K)
 Metaspace       used 95717K, capacity 97362K, committed 100432K, reserved 1136640K
  class space    used 12490K, capacity 13210K, committed 14208K, reserved 1048576K
}
Event: 4517.664 GC heap before
{Heap before GC invocations=267 (full 17):
 garbage-first heap   total 262144K, used 178749K [0x0000000740000000, 0x0000000800000000)
  region size 1024K, 60 young (61440K), 3 survivors (3072K)
 Metaspace       used 95740K, capacity 97426K, committed 100432K, reserved 1136640K
  class space    used 12490K, capacity 13210K, committed 14208K, reserved 1048576K
}
Event: 4517.666 GC heap after
{Heap after GC invocations=268 (full 17):
 garbage-first heap   total 262144K, used 120502K [0x0000000740000000, 0x0000000800000000)
  region size 1024K, 3 young (3072K), 3 survivors (3072K)
 Metaspace       used 95740K, capacity 97426K, committed 100432K, reserved 1136640K
  class space    used 12490K, capacity 13210K, committed 14208K, reserved 1048576K
}

